<?xml version="1.0" encoding="UTF-8"?>
<!-- Generated by org.testng.reporters.JUnitXMLReporter -->
<testsuite ignored="0" hostname="LAPTOP-U7V874M3" failures="1" tests="1" name="Default test(failed)(failed)" time="2.604" errors="0" timestamp="17 May 2024 12:53:22 GMT">
  <testcase classname="day3.CookiesDemo" name="testCookies" time="2.582">
    <failure type="java.lang.AssertionError" message="1 expectation failed.
Expected cookie &amp;quot;AEC&amp;quot; was not &amp;quot;AQTF6HwQV6XeyhoxDt-qQ2XCmaA4cFZ9447o5dpLHZKLDW3ge9THrRLfpg&amp;quot;, was &amp;quot;AQTF6HxPBSLirR4IxMlDE0gv6adY5H2Ftzry7uwIvRUcVbKr7OUsP_uyq24&amp;quot;.
">
      <![CDATA[java.lang.AssertionError: 1 expectation failed.
Expected cookie "AEC" was not "AQTF6HwQV6XeyhoxDt-qQ2XCmaA4cFZ9447o5dpLHZKLDW3ge9THrRLfpg", was "AQTF6HxPBSLirR4IxMlDE0gv6adY5H2Ftzry7uwIvRUcVbKr7OUsP_uyq24".

	at org.codehaus.groovy.runtime.callsite.ConstructorSite$ConstructorSiteNoUnwrapNoCoerce.callConstructor(ConstructorSite.java:108)
	at org.codehaus.groovy.runtime.callsite.CallSiteArray.defaultCallConstructor(CallSiteArray.java:57)
	at org.codehaus.groovy.runtime.callsite.AbstractCallSite.callConstructor(AbstractCallSite.java:263)
	at org.codehaus.groovy.runtime.callsite.AbstractCallSite.callConstructor(AbstractCallSite.java:277)
	at io.restassured.internal.ResponseSpecificationImpl$HamcrestAssertionClosure.validate(ResponseSpecificationImpl.groovy:512)
	at io.restassured.internal.ResponseSpecificationImpl$HamcrestAssertionClosure$validate$1.call(Unknown Source)
	at io.restassured.internal.ResponseSpecificationImpl.validateResponseIfRequired(ResponseSpecificationImpl.groovy:696)
	at io.restassured.internal.ResponseSpecificationImpl.this$2$validateResponseIfRequired(ResponseSpecificationImpl.groovy)
	at org.codehaus.groovy.runtime.callsite.PlainObjectMetaMethodSite.doInvoke(PlainObjectMetaMethodSite.java:43)
	at org.codehaus.groovy.runtime.callsite.PogoMetaMethodSite$PogoCachedMethodSiteNoUnwrapNoCoerce.invoke(PogoMetaMethodSite.java:198)
	at org.codehaus.groovy.runtime.callsite.PogoMetaMethodSite.callCurrent(PogoMetaMethodSite.java:62)
	at org.codehaus.groovy.runtime.callsite.CallSiteArray.defaultCallCurrent(CallSiteArray.java:49)
	at org.codehaus.groovy.runtime.callsite.AbstractCallSite.callCurrent(AbstractCallSite.java:171)
	at org.codehaus.groovy.runtime.callsite.AbstractCallSite.callCurrent(AbstractCallSite.java:185)
	at io.restassured.internal.ResponseSpecificationImpl.cookie(ResponseSpecificationImpl.groovy:229)
	at io.restassured.specification.ResponseSpecification$cookie$1.callCurrent(Unknown Source)
	at org.codehaus.groovy.runtime.callsite.CallSiteArray.defaultCallCurrent(CallSiteArray.java:49)
	at org.codehaus.groovy.runtime.callsite.AbstractCallSite.callCurrent(AbstractCallSite.java:171)
	at org.codehaus.groovy.runtime.callsite.AbstractCallSite.callCurrent(AbstractCallSite.java:194)
	at io.restassured.internal.ResponseSpecificationImpl.cookie(ResponseSpecificationImpl.groovy:250)
	at io.restassured.internal.ValidatableResponseOptionsImpl.cookie(ValidatableResponseOptionsImpl.java:158)
	at day3.CookiesDemo.testCookies(CookiesDemo.java:19)
... Removed 35 stack frames]]>
    </failure>
  </testcase> <!-- testCookies -->
</testsuite> <!-- Default test(failed)(failed) -->
