<?xml version="1.0" encoding="UTF-8"?>
<testng-results ignored="0" total="1" passed="1" failed="0" skipped="0">
  <reporter-output>
  </reporter-output>
  <suite started-at="2024-05-18T20:00:32Z" name="Default suite" finished-at="2024-05-18T20:00:35Z" duration-ms="2819">
    <groups>
    </groups>
    <test started-at="2024-05-18T20:00:32Z" name="Default test" finished-at="2024-05-18T20:00:35Z" duration-ms="2819">
      <class name="day4.ParsingJsonResponse">
        <test-method signature="testJsonResponse()[pri:0, instance:day4.ParsingJsonResponse@36b4091c]" started-at="2024-05-19T01:30:32Z" name="testJsonResponse" finished-at="2024-05-19T01:30:35Z" duration-ms="2789" status="PASS">
          <reporter-output>
          </reporter-output>
        </test-method> <!-- testJsonResponse -->
      </class> <!-- day4.ParsingJsonResponse -->
    </test> <!-- Default test -->
  </suite> <!-- Default suite -->
</testng-results>
